PrototypeV4/Intermediate/Android/armv7/gradle/app/build/intermediates/manifest_merge_blame_file/debug/manifest-merger-blame-debug-report.txt
1<?xml version="1.0" encoding="utf-8"?>
2<manifest xmlns:android="http://schemas.android.com/apk/res/android"
3    package="com.YourCompany.TemplateProject2"
4    android:installLocation="internalOnly"
5    android:versionCode="1"
6    android:versionName="1.0" >
7
8    <uses-sdk
9        android:minSdkVersion="25"
9-->src\main\AndroidManifest.xml
10        android:targetSdkVersion="29" />
10-->src\main\AndroidManifest.xml
11    <!-- Requirements -->
12    <uses-feature
12-->src\main\AndroidManifest.xml:48:3-76
13        android:glEsVersion="0x00030001"
13-->src\main\AndroidManifest.xml:48:17-49
14        android:required="true" />
14-->src\main\AndroidManifest.xml:48:50-73
15
16    <uses-permission android:name="android.permission.INTERNET" />
16-->src\main\AndroidManifest.xml:49:3-65
16-->src\main\AndroidManifest.xml:49:20-62
17    <uses-permission android:name="android.permission.WRITE_EXTERNAL_STORAGE" />
17-->src\main\AndroidManifest.xml:50:3-79
17-->src\main\AndroidManifest.xml:50:20-76
18    <uses-permission android:name="android.permission.ACCESS_NETWORK_STATE" />
18-->src\main\AndroidManifest.xml:51:3-77
18-->src\main\AndroidManifest.xml:51:20-74
19    <uses-permission android:name="android.permission.WAKE_LOCK" />
19-->src\main\AndroidManifest.xml:52:3-66
19-->src\main\AndroidManifest.xml:52:20-63
20    <uses-permission android:name="com.android.vending.CHECK_LICENSE" />
20-->src\main\AndroidManifest.xml:53:3-71
20-->src\main\AndroidManifest.xml:53:20-68
21    <uses-permission android:name="android.permission.ACCESS_WIFI_STATE" />
21-->src\main\AndroidManifest.xml:54:3-74
21-->src\main\AndroidManifest.xml:54:20-71
22    <uses-permission android:name="com.android.vending.BILLING" />
22-->src\main\AndroidManifest.xml:55:3-65
22-->src\main\AndroidManifest.xml:55:20-62
23    <!-- Supported texture compression formats (cooked) -->
24    <supports-gl-texture android:name="GL_KHR_texture_compression_astc_ldr" />
24-->src\main\AndroidManifest.xml:57:3-77
24-->src\main\AndroidManifest.xml:57:24-74
25
26    <uses-feature
26-->src\main\AndroidManifest.xml:58:3-111
27        android:name="android.hardware.vr.headtracking"
27-->src\main\AndroidManifest.xml:58:17-64
28        android:required="true"
28-->src\main\AndroidManifest.xml:58:85-108
29        android:version="1" />
29-->src\main\AndroidManifest.xml:58:65-84
30
31    <uses-permission android:name="android.permission.READ_EXTERNAL_STORAGE" />
31-->src\main\AndroidManifest.xml:59:3-78
31-->src\main\AndroidManifest.xml:59:20-75
32
33    <uses-feature android:name="android.hardware.usb.host" />
33-->src\main\AndroidManifest.xml:60:3-60
33-->src\main\AndroidManifest.xml:60:17-57
34    <!-- Application Definition -->
35    <application
35-->src\main\AndroidManifest.xml:3:3-46:17
36        android:name="com.epicgames.ue4.GameApplication"
36-->src\main\AndroidManifest.xml:3:147-195
37        android:appComponentFactory="androidx.core.app.CoreComponentFactory"
37-->[androidx.core:core:1.0.0] AndroidManifest.xml:22:18-86
38        android:debuggable="true"
39        android:extractNativeLibs="true"
39-->src\main\AndroidManifest.xml:3:114-146
40        android:hardwareAccelerated="true"
40-->src\main\AndroidManifest.xml:3:79-113
41        android:hasCode="true"
41-->src\main\AndroidManifest.xml:3:240-262
42        android:icon="@drawable/icon"
42-->src\main\AndroidManifest.xml:3:49-78
43        android:label="@string/app_name"
43-->src\main\AndroidManifest.xml:3:16-48
44        android:requestLegacyExternalStorage="true" >
44-->src\main\AndroidManifest.xml:3:196-239
45        <activity
45-->src\main\AndroidManifest.xml:4:5-12:16
46            android:name="com.epicgames.ue4.GameActivity"
46-->src\main\AndroidManifest.xml:4:15-60
47            android:configChanges="mcc|mnc|uiMode|density|screenSize|smallestScreenSize|screenLayout|orientation|keyboardHidden|keyboard"
47-->src\main\AndroidManifest.xml:4:159-284
48            android:debuggable="true"
48-->src\main\AndroidManifest.xml:4:396-421
49            android:label="@string/app_name"
49-->src\main\AndroidManifest.xml:4:61-93
50            android:launchMode="singleTask"
50-->src\main\AndroidManifest.xml:4:320-351
51            android:resizeableActivity="false"
51-->src\main\AndroidManifest.xml:4:285-319
52            android:screenOrientation="sensorLandscape"
52-->src\main\AndroidManifest.xml:4:352-395
53            android:theme="@android:style/Theme.Black.NoTitleBar.Fullscreen" >
53-->src\main\AndroidManifest.xml:4:94-158
54            <meta-data
54-->src\main\AndroidManifest.xml:5:7-76
55                android:name="android.app.lib_name"
55-->src\main\AndroidManifest.xml:5:18-53
56                android:value="UE4" />
56-->src\main\AndroidManifest.xml:5:54-73
57
58            <intent-filter>
58-->src\main\AndroidManifest.xml:6:7-10:23
59                <action android:name="android.intent.action.MAIN" />
59-->src\main\AndroidManifest.xml:7:9-61
59-->src\main\AndroidManifest.xml:7:17-58
60
61                <category android:name="android.intent.category.LAUNCHER" />
61-->src\main\AndroidManifest.xml:8:9-69
61-->src\main\AndroidManifest.xml:8:19-66
62                <category android:name="com.oculus.intent.category.VR" />
62-->src\main\AndroidManifest.xml:9:9-66
62-->src\main\AndroidManifest.xml:9:19-63
63            </intent-filter>
64
65            <meta-data
65-->src\main\AndroidManifest.xml:11:7-81
66                android:name="com.oculus.vr.focusaware"
66-->src\main\AndroidManifest.xml:11:18-57
67                android:value="true" />
67-->src\main\AndroidManifest.xml:11:58-78
68        </activity>
69        <activity android:name="com.YourCompany.TemplateProject2.DownloaderActivity" />
69-->src\main\AndroidManifest.xml:13:5-52
69-->src\main\AndroidManifest.xml:13:15-49
70
71        <meta-data
71-->src\main\AndroidManifest.xml:14:5-101
72            android:name="com.epicgames.ue4.GameActivity.EngineVersion"
72-->src\main\AndroidManifest.xml:14:16-75
73            android:value="4.27.2" />
73-->src\main\AndroidManifest.xml:14:76-98
74        <meta-data
74-->src\main\AndroidManifest.xml:15:5-112
75            android:name="com.epicgames.ue4.GameActivity.EngineBranch"
75-->src\main\AndroidManifest.xml:15:16-74
76            android:value="++UE4+Release-4.27" />
76-->src\main\AndroidManifest.xml:15:75-109
77        <meta-data
77-->src\main\AndroidManifest.xml:16:5-103
78            android:name="com.epicgames.ue4.GameActivity.ProjectVersion"
78-->src\main\AndroidManifest.xml:16:16-76
79            android:value="1.0.0.0" />
79-->src\main\AndroidManifest.xml:16:77-100
80        <meta-data
80-->src\main\AndroidManifest.xml:17:5-104
81            android:name="com.epicgames.ue4.GameActivity.DepthBufferPreference"
81-->src\main\AndroidManifest.xml:17:16-83
82            android:value="0" />
82-->src\main\AndroidManifest.xml:17:84-101
83        <meta-data
83-->src\main\AndroidManifest.xml:18:5-108
84            android:name="com.epicgames.ue4.GameActivity.bPackageDataInsideApk"
84-->src\main\AndroidManifest.xml:18:16-83
85            android:value="false" />
85-->src\main\AndroidManifest.xml:18:84-105
86        <meta-data
86-->src\main\AndroidManifest.xml:19:5-106
87            android:name="com.epicgames.ue4.GameActivity.bVerifyOBBOnStartUp"
87-->src\main\AndroidManifest.xml:19:16-81
88            android:value="false" />
88-->src\main\AndroidManifest.xml:19:82-103
89        <meta-data
89-->src\main\AndroidManifest.xml:20:5-99
90            android:name="com.epicgames.ue4.GameActivity.bShouldHideUI"
90-->src\main\AndroidManifest.xml:20:16-75
91            android:value="true" />
91-->src\main\AndroidManifest.xml:20:76-96
92        <meta-data
92-->src\main\AndroidManifest.xml:21:5-109
93            android:name="com.epicgames.ue4.GameActivity.ProjectName"
93-->src\main\AndroidManifest.xml:21:16-73
94            android:value="TemplateProject2" />
94-->src\main\AndroidManifest.xml:21:74-106
95        <meta-data
95-->src\main\AndroidManifest.xml:22:5-89
96            android:name="com.epicgames.ue4.GameActivity.AppType"
96-->src\main\AndroidManifest.xml:22:16-69
97            android:value="" />
97-->src\main\AndroidManifest.xml:22:70-86
98        <meta-data
98-->src\main\AndroidManifest.xml:23:5-99
99            android:name="com.epicgames.ue4.GameActivity.bHasOBBFiles"
99-->src\main\AndroidManifest.xml:23:16-74
100            android:value="false" />
100-->src\main\AndroidManifest.xml:23:75-96
101        <meta-data
101-->src\main\AndroidManifest.xml:24:5-111
102            android:name="com.epicgames.ue4.GameActivity.BuildConfiguration"
102-->src\main\AndroidManifest.xml:24:16-80
103            android:value="Development" />
103-->src\main\AndroidManifest.xml:24:81-108
104        <meta-data
104-->src\main\AndroidManifest.xml:25:5-99
105            android:name="com.epicgames.ue4.GameActivity.CookedFlavors"
105-->src\main\AndroidManifest.xml:25:16-75
106            android:value="ASTC" />
106-->src\main\AndroidManifest.xml:25:76-96
107        <meta-data
107-->src\main\AndroidManifest.xml:26:5-109
108            android:name="com.epicgames.ue4.GameActivity.bValidateTextureFormats"
108-->src\main\AndroidManifest.xml:26:16-85
109            android:value="true" />
109-->src\main\AndroidManifest.xml:26:86-106
110        <meta-data
110-->src\main\AndroidManifest.xml:27:5-107
111            android:name="com.epicgames.ue4.GameActivity.bUseExternalFilesDir"
111-->src\main\AndroidManifest.xml:27:16-82
112            android:value="false" />
112-->src\main\AndroidManifest.xml:27:83-104
113        <meta-data
113-->src\main\AndroidManifest.xml:28:5-102
114            android:name="com.epicgames.ue4.GameActivity.bPublicLogFiles"
114-->src\main\AndroidManifest.xml:28:16-77
115            android:value="false" />
115-->src\main\AndroidManifest.xml:28:78-99
116        <meta-data
116-->src\main\AndroidManifest.xml:29:5-104
117            android:name="com.epicgames.ue4.GameActivity.bUseDisplayCutout"
117-->src\main\AndroidManifest.xml:29:16-79
118            android:value="false" />
118-->src\main\AndroidManifest.xml:29:80-101
119        <meta-data
119-->src\main\AndroidManifest.xml:30:5-96
120            android:name="com.epicgames.ue4.GameActivity.bAllowIMU"
120-->src\main\AndroidManifest.xml:30:16-71
121            android:value="false" />
121-->src\main\AndroidManifest.xml:30:72-93
122        <meta-data
122-->src\main\AndroidManifest.xml:31:5-102
123            android:name="com.epicgames.ue4.GameActivity.bSupportsVulkan"
123-->src\main\AndroidManifest.xml:31:16-77
124            android:value="false" />
124-->src\main\AndroidManifest.xml:31:78-99
125        <meta-data
125-->src\main\AndroidManifest.xml:32:5-141
126            android:name="com.epicgames.ue4.GameActivity.StartupPermissions"
126-->src\main\AndroidManifest.xml:32:16-80
127            android:value="android.permission.WRITE_EXTERNAL_STORAGE" />
127-->src\main\AndroidManifest.xml:32:81-138
128        <meta-data
128-->src\main\AndroidManifest.xml:33:5-100
129            android:name="com.google.android.gms.games.APP_ID"
129-->src\main\AndroidManifest.xml:33:16-66
130            android:value="@string/app_id" />
130-->src\main\AndroidManifest.xml:33:67-97
131        <meta-data
131-->src\main\AndroidManifest.xml:34:5-118
132            android:name="com.google.android.gms.version"
132-->src\main\AndroidManifest.xml:34:16-61
133            android:value="@integer/google_play_services_version" />
133-->src\main\AndroidManifest.xml:34:62-115
134
135        <activity
135-->src\main\AndroidManifest.xml:35:5-180
136            android:name="com.google.android.gms.ads.AdActivity"
136-->src\main\AndroidManifest.xml:35:15-67
137            android:configChanges="keyboard|keyboardHidden|orientation|screenLayout|uiMode|screenSize|smallestScreenSize" />
137-->src\main\AndroidManifest.xml:35:68-177
138
139        <service android:name="com.YourCompany.TemplateProject2.OBBDownloaderService" />
139-->src\main\AndroidManifest.xml:36:5-52
139-->src\main\AndroidManifest.xml:36:14-49
140
141        <receiver android:name="com.YourCompany.TemplateProject2.AlarmReceiver" />
141-->src\main\AndroidManifest.xml:37:5-46
141-->src\main\AndroidManifest.xml:37:15-43
142        <receiver android:name="com.epicgames.ue4.LocalNotificationReceiver" />
142-->src\main\AndroidManifest.xml:38:5-76
142-->src\main\AndroidManifest.xml:38:15-73
143        <receiver
143-->src\main\AndroidManifest.xml:39:5-43:16
144            android:name="com.epicgames.ue4.MulticastBroadcastReceiver"
144-->src\main\AndroidManifest.xml:39:15-74
145            android:exported="true" >
145-->src\main\AndroidManifest.xml:39:75-98
146            <intent-filter>
146-->src\main\AndroidManifest.xml:40:7-42:23
147                <action android:name="com.android.vending.INSTALL_REFERRER" />
147-->src\main\AndroidManifest.xml:41:9-71
147-->src\main\AndroidManifest.xml:41:17-68
148            </intent-filter>
149        </receiver>
150
151        <meta-data
151-->src\main\AndroidManifest.xml:44:5-73
152            android:name="android.max_aspect"
152-->src\main\AndroidManifest.xml:44:16-49
153            android:value="2.10" />
153-->src\main\AndroidManifest.xml:44:50-70
154        <meta-data
154-->src\main\AndroidManifest.xml:45:5-90
155            android:name="com.oculus.supportedDevices"
155-->src\main\AndroidManifest.xml:45:16-58
156            android:value="quest|delmar" />
156-->src\main\AndroidManifest.xml:45:59-87
157
158        <activity
158-->[com.google.android.gms:play-services-auth:11.8.0] AndroidManifest.xml:23:9-27:75
159            android:name="com.google.android.gms.auth.api.signin.internal.SignInHubActivity"
159-->[com.google.android.gms:play-services-auth:11.8.0] AndroidManifest.xml:24:13-93
160            android:excludeFromRecents="true"
160-->[com.google.android.gms:play-services-auth:11.8.0] AndroidManifest.xml:25:13-46
161            android:exported="false"
161-->[com.google.android.gms:play-services-auth:11.8.0] AndroidManifest.xml:26:13-37
162            android:theme="@android:style/Theme.Translucent.NoTitleBar" />
162-->[com.google.android.gms:play-services-auth:11.8.0] AndroidManifest.xml:27:13-72
163        <!--
164            Service handling Google Sign-In user revocation. For apps that do not integrate with
165            Google Sign-In, this service will never be started.
166        -->
167        <service
167-->[com.google.android.gms:play-services-auth:11.8.0] AndroidManifest.xml:33:9-36:110
168            android:name="com.google.android.gms.auth.api.signin.RevocationBoundService"
168-->[com.google.android.gms:play-services-auth:11.8.0] AndroidManifest.xml:34:13-89
169            android:exported="true"
169-->[com.google.android.gms:play-services-auth:11.8.0] AndroidManifest.xml:35:13-36
170            android:permission="com.google.android.gms.auth.api.signin.permission.REVOCATION_NOTIFICATION" />
170-->[com.google.android.gms:play-services-auth:11.8.0] AndroidManifest.xml:36:13-107
171
172        <activity
172-->[com.google.android.gms:play-services-base:11.8.0] AndroidManifest.xml:23:9-26:75
173            android:name="com.google.android.gms.common.api.GoogleApiActivity"
173-->[com.google.android.gms:play-services-base:11.8.0] AndroidManifest.xml:24:13-79
174            android:exported="false"
174-->[com.google.android.gms:play-services-base:11.8.0] AndroidManifest.xml:25:13-37
175            android:theme="@android:style/Theme.Translucent.NoTitleBar" />
175-->[com.google.android.gms:play-services-base:11.8.0] AndroidManifest.xml:26:13-72
176
177        <provider
177-->[androidx.lifecycle:lifecycle-process:2.0.0] AndroidManifest.xml:23:9-27:43
178            android:name="androidx.lifecycle.ProcessLifecycleOwnerInitializer"
178-->[androidx.lifecycle:lifecycle-process:2.0.0] AndroidManifest.xml:24:13-79
179            android:authorities="com.YourCompany.TemplateProject2.lifecycle-process"
179-->[androidx.lifecycle:lifecycle-process:2.0.0] AndroidManifest.xml:25:13-69
180            android:exported="false"
180-->[androidx.lifecycle:lifecycle-process:2.0.0] AndroidManifest.xml:26:13-37
181            android:multiprocess="true" />
181-->[androidx.lifecycle:lifecycle-process:2.0.0] AndroidManifest.xml:27:13-40
182    </application>
183
184</manifest>